<?xml version="1.0" encoding="UTF-8" ?>
<testsuite name="TestCafe Tests: Chrome 41.0.2227 / Mac OS X 10.10.1, Firefox 47 / Mac OS X 10.10.1" tests="7" failures="2" skipped="0" errors="2" time="925" timestamp="Thu, 01 Jan 1970 00:15:25 GMT" >
  <testcase classname="First fixture" name="First test in first fixture" time="74">
    <system-out>
    <![CDATA[
      [[ATTACHMENT|/screenshots/1445437598847]]
    ]]>
    </system-out>
  </testcase>
  <testcase classname="First fixture" name="Second test in first fixture" time="74">
    <failure>
    <![CDATA[
      1) A JavaScript error occurred on "http://example.org".
         Repeat test actions in the browser and check the console for errors.
         If you see this error, it means that the tested website caused it. You can fix it or disable tracking JavaScript errors in TestCafe. To do the latter, enable the "--skip-js-errors" option.
         If this error does not occur, please write a new issue at:
         "https://github.com/DevExpress/testcafe/issues/new?template=bug-report.md".

         JavaScript error details:
         Some error

         Browser: Chrome 41.0.2227 / Mac OS X 10.10.1
         Screenshot: /screenshots/1445437598847/errors

             1 |const path = require('path');
             2 |const findLastIndex = require('lodash.findlastindex');
             3 |var createCallsiteRecord = require('callsite-record');
             4 |
             5 |function someFunc () {
          >  6 |    throw new Error('Hey ya!');
             7 |}
             8 |
             9 |try {
            10 |    someFunc();
            11 |}

            at someFunc (some-file:1:1)
            at Object.<anonymous> (some-file:1:1)

      2) The specified selector does not match any element in the DOM tree.

            | one
          > |   two
            |   three

         Browser: Firefox 47 / Mac OS X 10.10.1

             1 |const path = require('path');
             2 |const findLastIndex = require('lodash.findlastindex');
             3 |var createCallsiteRecord = require('callsite-record');
             4 |
             5 |function someFunc () {
          >  6 |    throw new Error('Hey ya!');
             7 |}
             8 |
             9 |try {
            10 |    someFunc();
            11 |}

            at someFunc (some-file:1:1)
            at Object.<anonymous> (some-file:1:1)
    ]]>
    </failure>
    <system-out>
    <![CDATA[
      [[ATTACHMENT|/screenshots/1445437598847]]
      [[ATTACHMENT|/screenshots/1445437598847]]
      [[ATTACHMENT|/videos/1445437598847]]
    ]]>
    </system-out>
  </testcase>
  <testcase classname="First fixture" name="Third test in first fixture" time="74">
  </testcase>
  <testcase classname="Second fixture" name="First test in second fixture" time="74">
  </testcase>
  <testcase classname="Second fixture" name="Second test in second fixture" time="74">
  </testcase>
  <testcase classname="Second fixture" name="Third test in second fixture" time="0">
  </testcase>
  <testcase classname="Third fixture" name="First test in third fixture" time="0">
    <failure>
    <![CDATA[
      1) - Error in fixture.beforeEach hook -
         The specified selector does not match any element in the DOM tree.

            | one
          > |   two
            |   three

         Browser: Firefox 47 / Mac OS X 10.10.1

             1 |const path = require('path');
             2 |const findLastIndex = require('lodash.findlastindex');
             3 |var createCallsiteRecord = require('callsite-record');
             4 |
             5 |function someFunc () {
          >  6 |    throw new Error('Hey ya!');
             7 |}
             8 |
             9 |try {
            10 |    someFunc();
            11 |}

            at someFunc (some-file:1:1)
            at Object.<anonymous> (some-file:1:1)
    ]]>
    </failure>
    <system-out>
    <![CDATA[
      [[ATTACHMENT|/screenshots/1445437598847]]
    ]]>
    </system-out>
  </testcase>
  <system-out>
  <![CDATA[
    Warnings (2):
    --
      Was unable to take a screenshot due to an error.

      ReferenceError: someVar is not defined
    --
      Was unable to take a screenshot due to an error.

      ReferenceError: someOtherVar is not defined
  ]]>
  </system-out>
</testsuite>