<?xml version="1.0" encoding="UTF-8" ?>
<testsuite name="TestCafe Tests: Chrome 83.0.4103.61 / Linux 0.0, Firefox 76.0 / Linux 0.0" tests="7" failures="2" skipped="1" time="925" timestamp="Thu, 01 Jan 1970 00:15:25 GMT" id="UUID">
  <testcase classname="First fixture" name="First test in first fixture" time="10.271">
    <system-out>
    <![CDATA[
      [[screenshotsDir|/screenshots]]
      [[screenshot|1/Firefox_76.0_Linux_0.0/1.png|UUID]]
      [[screenshot|1/Chrome_83.0.4103.61_Linux_0.0/1.png|UUID]]
    ]]>
    </system-out>
  </testcase>
  <testcase classname="First fixture" name="Second test in first fixture" time="5.871">
    <failure>
    <![CDATA[
      1) A JavaScript error occurred on "http://example.org".
         Repeat test actions in the browser and check the console for errors.
         If you see this error, it means that the tested website caused it. You can fix it or disable tracking JavaScript errors in TestCafe. To do the latter, enable the "--skip-js-errors" option.
         If this error does not occur, please write a new issue at:
         "https://github.com/DevExpress/testcafe/issues/new?template=bug-report.md".

         JavaScript error details:
         Some error

         Browser: Chrome 83.0.4103.61 / Linux 0.0
         Screenshot: /screenshots/1445437598847/errors

             1 |const path = require('path');
             2 |const findLastIndex = require('lodash.findlastindex');
             3 |var createCallsiteRecord = require('callsite-record');
             4 |
             5 |function someFunc () {
          >  6 |    throw new Error('Hey ya!');
             7 |}
             8 |
             9 |try {
            10 |    someFunc();
            11 |}

            at someFunc (some-file:1:1)
            at Object.<anonymous> (some-file:1:1)

      2) The specified selector does not match any element in the DOM tree.

            | one
          > |   two
            |   three

         Browser: Firefox 76.0 / Linux 0.0

             1 |const path = require('path');
             2 |const findLastIndex = require('lodash.findlastindex');
             3 |var createCallsiteRecord = require('callsite-record');
             4 |
             5 |function someFunc () {
          >  6 |    throw new Error('Hey ya!');
             7 |}
             8 |
             9 |try {
            10 |    someFunc();
            11 |}

            at someFunc (some-file:1:1)
            at Object.<anonymous> (some-file:1:1)
    ]]>
    </failure>
    <system-out>
    <![CDATA[
      [[screenshotsDir|/screenshots]]
      [[videosDir|/videos]]
      [[screenshot|2/Firefox_76.0_Linux_0.0/errors/1.png|UUID]]
      [[screenshot|2/Chrome_83.0.4103.61_Linux_0.0/errors/1.png|UUID]]
      [[video|2/Firefox_76.0_Linux_0.0/1.mp4|UUID]]
      [[video|2/Chrome_83.0.4103.61_Linux_0.0/1.mp4|UUID]]
    ]]>
    </system-out>
  </testcase>
  <testcase classname="First fixture" name="Third test in first fixture" time="3.564">
  </testcase>
  <testcase classname="Second fixture" name="First test in second fixture" time="74">
    <skipped/>
  </testcase>
  <testcase classname="Second fixture" name="Second test in second fixture" time="3.596">
  </testcase>
  <testcase classname="Second fixture" name="Third test in second fixture" time="4.526">
  </testcase>
  <testcase classname="Third fixture" name="First test in third fixture" time="6.557">
    <failure>
    <![CDATA[
      1) - Error in fixture.beforeEach hook -
         The specified selector does not match any element in the DOM tree.

            | one
          > |   two
            |   three

         Browser: Firefox 76.0 / Linux 0.0

             1 |const path = require('path');
             2 |const findLastIndex = require('lodash.findlastindex');
             3 |var createCallsiteRecord = require('callsite-record');
             4 |
             5 |function someFunc () {
          >  6 |    throw new Error('Hey ya!');
             7 |}
             8 |
             9 |try {
            10 |    someFunc();
            11 |}

            at someFunc (some-file:1:1)
            at Object.<anonymous> (some-file:1:1)
    ]]>
    </failure>
    <system-out>
    <![CDATA[
      [[screenshotsDir|/screenshots]]
      [[videosDir|/videos]]
      [[screenshot|7/Firefox_76.0_Linux_0.0/errors/1.png|UUID]]
      [[video|7/Firefox_76.0_Linux_0.0/1.mp4|UUID]]
    ]]>
    </system-out>
  </testcase>
  <system-out>
  <![CDATA[
    Warnings (2):
    --
      Was unable to take a screenshot due to an error.

      ReferenceError: someVar is not defined
    --
      Was unable to take a screenshot due to an error.

      ReferenceError: someOtherVar is not defined
  ]]>
  </system-out>
</testsuite>